[debug] [2025-05-18T16:52:14.158Z] ----------------------------------------------------------------------
[debug] [2025-05-18T16:52:14.160Z] Command:       C:\Program Files\nodejs\node.exe C:\Users\Asus\AppData\Roaming\npm\node_modules\firebase-tools\lib\bin\firebase.js login
[debug] [2025-05-18T16:52:14.161Z] CLI Version:   14.4.0
[debug] [2025-05-18T16:52:14.161Z] Platform:      win32
[debug] [2025-05-18T16:52:14.161Z] Node Version:  v20.11.1
[debug] [2025-05-18T16:52:14.161Z] Time:          Sun May 18 2025 18:52:14 GMT+0200 (közép-európai nyári idő)
[debug] [2025-05-18T16:52:14.161Z] ----------------------------------------------------------------------
[debug] 
[debug] [2025-05-18T16:52:14.162Z] >>> [apiv2][query] GET https://firebase-public.firebaseio.com/cli.json [none]
[info] i  Firebase optionally collects CLI and Emulator Suite usage and error reporting information to help improve our products. Data is collected in accordance with Google's privacy policy (https://policies.google.com/privacy) and is not used to identify you.
 
[debug] [2025-05-18T16:52:14.736Z] <<< [apiv2][status] GET https://firebase-public.firebaseio.com/cli.json 200
[debug] [2025-05-18T16:52:14.736Z] <<< [apiv2][body] GET https://firebase-public.firebaseio.com/cli.json {"cloudBuildErrorAfter":1594252800000,"cloudBuildWarnAfter":1590019200000,"defaultNode10After":1594252800000,"minVersion":"3.0.5","node8DeploysDisabledAfter":1613390400000,"node8RuntimeDisabledAfter":1615809600000,"node8WarnAfter":1600128000000}
[info] 
[info] Visit this URL on this device to log in:
[info] https://accounts.google.com/o/oauth2/auth?client_id=563584335869-fgrhgmd47bqnekij5i8b5pr03ho849e6.apps.googleusercontent.com&scope=email%20openid%20https%3A%2F%2Fwww.googleapis.com%2Fauth%2Fcloudplatformprojects.readonly%20https%3A%2F%2Fwww.googleapis.com%2Fauth%2Ffirebase%20https%3A%2F%2Fwww.googleapis.com%2Fauth%2Fcloud-platform&response_type=code&state=530256686&redirect_uri=http%3A%2F%2Flocalhost%3A9005
[info] 
[info] Waiting for authentication...
[debug] [2025-05-18T16:54:40.918Z] >>> [apiv2][query] POST https://auth.firebase.tools/attest [none]
[debug] [2025-05-18T16:54:40.918Z] >>> [apiv2][body] POST https://auth.firebase.tools/attest {"session_id":"4531d4b7-3d0f-45b5-be98-8cdcee7cdb51"}
[debug] [2025-05-18T16:54:41.433Z] <<< [apiv2][status] POST https://auth.firebase.tools/attest 200
[debug] [2025-05-18T16:54:41.433Z] <<< [apiv2][body] POST https://auth.firebase.tools/attest {"token":"PrPWgy9XzVpN1So1HSgkk7qna8qwOA9maXyefxhkPhM"}
[info] 
[info] To sign in to the Firebase CLI:
[info] 
[info] 1. Take note of your session ID:
[info] 
[info]    4531D
[info] 
[info] 2. Visit the URL below on any device and follow the instructions to get your code:
[info] 
[info]    https://auth.firebase.tools/login?code_challenge=UNF7CzamCvLCXXs6V3g5cQbEQwvMZDvnAobD4BiY1cs&session=4531d4b7-3d0f-45b5-be98-8cdcee7cdb51&attest=PrPWgy9XzVpN1So1HSgkk7qna8qwOA9maXyefxhkPhM
[info] 
[info] 3. Paste or enter the authorization code below once you have it:
[info] 
[debug] [2025-05-18T17:04:23.478Z] ExitPromptError: User force closed the prompt with SIGINT
    at Interface.sigint (C:\Users\Asus\AppData\Roaming\npm\node_modules\firebase-tools\node_modules\@inquirer\core\dist\commonjs\lib\create-prompt.js:100:37)
    at Interface.emit (node:events:518:28)
    at Interface.emit (node:domain:488:12)
    at [_ttyWrite] [as _ttyWrite] (node:internal/readline/interface:1125:18)
    at ReadStream.onkeypress (node:internal/readline/interface:264:20)
    at ReadStream.emit (node:events:530:35)
    at ReadStream.emit (node:domain:488:12)
    at emitKeys (node:internal/readline/utils:371:14)
    at emitKeys.next (<anonymous>)
    at ReadStream.onData (node:internal/readline/emitKeypressEvents:64:36)
[error] 
[error] Error: An unexpected error has occurred.
